# JRE version: OpenJDK Runtime Environment Temurin-19.0.2+7 (19.0.2+7) (build 19.0.2+7)
# Java VM: OpenJDK 64-Bit Server VM Temurin-19.0.2+7 (19.0.2+7, mixed mode, sharing, tiered, compressed oops, compressed class ptrs, g1 gc, windows-amd64)
GC Precious Log:
 CardTable entry size: 512
 Card Set container configuration: InlinePtr #cards 5 size 8 Array Of Cards #cards 12 size 40 Howl #buckets 4 coarsen threshold 1843 Howl Bitmap #cards 512 size 80 coarsen threshold 460 Card regions per heap region 1 cards per card region 2048
 CPUs: 24 total, 24 available
 Memory: 65276M
 Large Page Support: Disabled
 NUMA Support: Disabled
 Compressed Oops: Enabled (32-bit)
 Heap Region Size: 1M
 Heap Min Capacity: 8M
 Heap Initial Capacity: 1020M
 Heap Max Capacity: 1G
 Pre-touch: Disabled
 Parallel Workers: 18
 Concurrent Workers: 5
 Concurrent Refinement Workers: 18
 Periodic GC: Disabled
 String Deduplication is enabled
Heap:
 garbage-first heap   total 544768K, used 92341K [0x00000000c0000000, 0x0000000100000000)
  region size 1024K, 72 young (73728K), 1 survivors (1024K)
 Metaspace       used 26701K, committed 27520K, reserved 1114112K
  class space    used 2558K, committed 2944K, reserved 1048576K
GC Heap History (20 events):
Event: 3.062 GC heap before
{Heap before GC invocations=5 (full 0):
 garbage-first heap   total 45056K, used 14626K [0x00000000c0000000, 0x0000000100000000)
  region size 1024K, 4 young (4096K), 3 survivors (3072K)
 Metaspace       used 24288K, committed 25152K, reserved 1114112K
  class space    used 2432K, committed 2816K, reserved 1048576K
}
Event: 3.064 GC heap after
{Heap after GC invocations=6 (full 0):
 garbage-first heap   total 45056K, used 13954K [0x00000000c0000000, 0x0000000100000000)
  region size 1024K, 1 young (1024K), 1 survivors (1024K)
 Metaspace       used 24288K, committed 25152K, reserved 1114112K
  class space    used 2432K, committed 2816K, reserved 1048576K
}
Event: 3.178 GC heap before
{Heap before GC invocations=6 (full 0):
 garbage-first heap   total 45056K, used 32386K [0x00000000c0000000, 0x0000000100000000)
  region size 1024K, 18 young (18432K), 1 survivors (1024K)
 Metaspace       used 24855K, committed 25664K, reserved 1114112K
  class space    used 2450K, committed 2816K, reserved 1048576K
}
Event: 3.180 GC heap after
{Heap after GC invocations=7 (full 0):
 garbage-first heap   total 45056K, used 20105K [0x00000000c0000000, 0x0000000100000000)
  region size 1024K, 3 young (3072K), 3 survivors (3072K)
 Metaspace       used 24855K, committed 25664K, reserved 1114112K
  class space    used 2450K, committed 2816K, reserved 1048576K
}
Event: 3.298 GC heap before
{Heap before GC invocations=7 (full 0):
 garbage-first heap   total 45056K, used 31369K [0x00000000c0000000, 0x0000000100000000)
  region size 1024K, 15 young (15360K), 3 survivors (3072K)
 Metaspace       used 25356K, committed 26176K, reserved 1114112K
  class space    used 2473K, committed 2880K, reserved 1048576K
}
Event: 3.299 GC heap after
{Heap after GC invocations=8 (full 0):
 garbage-first heap   total 45056K, used 19178K [0x00000000c0000000, 0x0000000100000000)
  region size 1024K, 2 young (2048K), 2 survivors (2048K)
 Metaspace       used 25356K, committed 26176K, reserved 1114112K
  class space    used 2473K, committed 2880K, reserved 1048576K
}
Event: 5.318 GC heap before
{Heap before GC invocations=8 (full 0):
 garbage-first heap   total 45056K, used 31466K [0x00000000c0000000, 0x0000000100000000)
  region size 1024K, 15 young (15360K), 2 survivors (2048K)
 Metaspace       used 25862K, committed 26688K, reserved 1114112K
  class space    used 2504K, committed 2880K, reserved 1048576K
}
Event: 5.319 GC heap after
{Heap after GC invocations=9 (full 0):
 garbage-first heap   total 45056K, used 20986K [0x00000000c0000000, 0x0000000100000000)
  region size 1024K, 2 young (2048K), 2 survivors (2048K)
 Metaspace       used 25862K, committed 26688K, reserved 1114112K
  class space    used 2504K, committed 2880K, reserved 1048576K
}
Event: 30.390 GC heap before
{Heap before GC invocations=9 (full 0):
 garbage-first heap   total 45056K, used 33274K [0x00000000c0000000, 0x0000000100000000)
  region size 1024K, 14 young (14336K), 2 survivors (2048K)
 Metaspace       used 25955K, committed 26752K, reserved 1114112K
  class space    used 2507K, committed 2880K, reserved 1048576K
}
Event: 30.392 GC heap after
{Heap after GC invocations=10 (full 0):
 garbage-first heap   total 45056K, used 21382K [0x00000000c0000000, 0x0000000100000000)
  region size 1024K, 1 young (1024K), 1 survivors (1024K)
 Metaspace       used 25955K, committed 26752K, reserved 1114112K
  class space    used 2507K, committed 2880K, reserved 1048576K
}
Event: 126.439 GC heap before
{Heap before GC invocations=10 (full 0):
 garbage-first heap   total 45056K, used 33670K [0x00000000c0000000, 0x0000000100000000)
  region size 1024K, 13 young (13312K), 1 survivors (1024K)
 Metaspace       used 26004K, committed 26816K, reserved 1114112K
  class space    used 2512K, committed 2880K, reserved 1048576K
}
Event: 126.440 GC heap after
{Heap after GC invocations=11 (full 0):
 garbage-first heap   total 45056K, used 21095K [0x00000000c0000000, 0x0000000100000000)
  region size 1024K, 1 young (1024K), 1 survivors (1024K)
 Metaspace       used 26004K, committed 26816K, reserved 1114112K
  class space    used 2512K, committed 2880K, reserved 1048576K
}
Event: 218.431 GC heap before
{Heap before GC invocations=12 (full 0):
 garbage-first heap   total 45056K, used 34407K [0x00000000c0000000, 0x0000000100000000)
  region size 1024K, 14 young (14336K), 1 survivors (1024K)
 Metaspace       used 26295K, committed 27008K, reserved 1114112K
  class space    used 2532K, committed 2880K, reserved 1048576K
}
Event: 218.433 GC heap after
{Heap after GC invocations=13 (full 0):
 garbage-first heap   total 544768K, used 21496K [0x00000000c0000000, 0x0000000100000000)
  region size 1024K, 1 young (1024K), 1 survivors (1024K)
 Metaspace       used 26295K, committed 27008K, reserved 1114112K
  class space    used 2532K, committed 2880K, reserved 1048576K
}
Event: 583.592 GC heap before
{Heap before GC invocations=13 (full 0):
 garbage-first heap   total 544768K, used 47096K [0x00000000c0000000, 0x0000000100000000)
  region size 1024K, 26 young (26624K), 1 survivors (1024K)
 Metaspace       used 26328K, committed 27072K, reserved 1114112K
  class space    used 2533K, committed 2880K, reserved 1048576K
}
Event: 583.593 GC heap after
{Heap after GC invocations=14 (full 0):
 garbage-first heap   total 544768K, used 20650K [0x00000000c0000000, 0x0000000100000000)
  region size 1024K, 1 young (1024K), 1 survivors (1024K)
 Metaspace       used 26328K, committed 27072K, reserved 1114112K
  class space    used 2533K, committed 2880K, reserved 1048576K
}
Event: 5264.603 GC heap before
{Heap before GC invocations=14 (full 0):
 garbage-first heap   total 544768K, used 346282K [0x00000000c0000000, 0x0000000100000000)
  region size 1024K, 319 young (326656K), 1 survivors (1024K)
 Metaspace       used 26468K, committed 27200K, reserved 1114112K
  class space    used 2534K, committed 2880K, reserved 1048576K
}
Event: 5264.605 GC heap after
{Heap after GC invocations=15 (full 0):
 garbage-first heap   total 544768K, used 20723K [0x00000000c0000000, 0x0000000100000000)
  region size 1024K, 1 young (1024K), 1 survivors (1024K)
 Metaspace       used 26468K, committed 27200K, reserved 1114112K
  class space    used 2534K, committed 2880K, reserved 1048576K
}
Event: 9736.061 GC heap before
{Heap before GC invocations=15 (full 0):
 garbage-first heap   total 544768K, used 346355K [0x00000000c0000000, 0x0000000100000000)
  region size 1024K, 319 young (326656K), 1 survivors (1024K)
 Metaspace       used 26539K, committed 27264K, reserved 1114112K
  class space    used 2534K, committed 2880K, reserved 1048576K
}
Event: 9736.062 GC heap after
{Heap after GC invocations=16 (full 0):
 garbage-first heap   total 544768K, used 20661K [0x00000000c0000000, 0x0000000100000000)
  region size 1024K, 1 young (1024K), 1 survivors (1024K)
 Metaspace       used 26539K, committed 27264K, reserved 1114112K
  class space    used 2534K, committed 2880K, reserved 1048576K
}

